Build started 26/09/1397 01:13:00 ق.ظ.
     1>Project "C:\Users\ali\Desktop\OperatingSystem\SystemCore\SysCore\Lib\Lib.vcxproj" on node 2 (Rebuild target(s)).
     1>ClCompile:
         H:\Program Files (x86)\Microsoft Visual Studio 12.0\VC\bin\CL.exe /c /Zi /nologo /W3 /WX- /sdl /O2 /Oi /Oy- /GL /D _MBCS /Gm- /EHsc /MD /GS /Gy /fp:precise /Zc:wchar_t /Zc:forScope /Fo"Release\\" /Fd"Release\vc120.pdb" /Gd /TP /analyze- /errorReport:prompt cstd.cpp stdio.cpp string.cpp
         cstd.cpp
         stdio.cpp
     1>stdio.cpp(47): error C2169: 'strcpy' : intrinsic function, cannot be defined
     1>stdio.cpp(54): error C2169: 'strlen' : intrinsic function, cannot be defined
     1>stdio.cpp(63): error C2169: 'memcpy' : intrinsic function, cannot be defined
         string.cpp
     1>string.cpp(10): error C2169: 'strcpy' : intrinsic function, cannot be defined
     1>string.cpp(17): error C2169: 'strlen' : intrinsic function, cannot be defined
     1>string.cpp(26): error C2169: 'memcpy' : intrinsic function, cannot be defined
     1>Done Building Project "C:\Users\ali\Desktop\OperatingSystem\SystemCore\SysCore\Lib\Lib.vcxproj" (Rebuild target(s)) -- FAILED.

Build FAILED.

Time Elapsed 00:00:00.66
