Build started 20/10/1397 02:15:46 ق.ظ.
     1>Project "C:\Users\Ali\Desktop\MangOS\SystemCore\SysCore\Kernel\Kernel.vcxproj" on node 2 (Build target(s)).
     1>ClCompile:
         G:\Program Files (x86)\Microsoft Visual Studio 12.0\VC\bin\CL.exe /c /I..\FlopyDisk /I..\Include /I..\keyboard /nologo /W4 /WX- /O2 /Oy /D ARCH_X86 /D _DEBUG /X /GF- /Gm- /MD /Zp1 /GS- /fp:precise /Zc:wchar_t /Zc:forScope /FAs /Fa"Debug\\" /Fo"Debug\\" /Fd"Debug\vc120.pdb" /Gd /TP /analyze- /errorReport:prompt /Oy vfs.cpp
         vfs.cpp
     1>..\Include\vfs.h(7): error C2146: syntax error : missing ';' before identifier 'OEMName'
     1>..\Include\vfs.h(7): error C4430: missing type specifier - int assumed. Note: C++ does not support default-int
     1>..\Include\vfs.h(8): error C2146: syntax error : missing ';' before identifier 'BytesPerSector'
     1>..\Include\vfs.h(8): error C4430: missing type specifier - int assumed. Note: C++ does not support default-int
     1>..\Include\vfs.h(9): error C2146: syntax error : missing ';' before identifier 'SectorsPerCluster'
     1>..\Include\vfs.h(9): error C4430: missing type specifier - int assumed. Note: C++ does not support default-int
     1>..\Include\vfs.h(10): error C2146: syntax error : missing ';' before identifier 'ReservedSectors'
     1>..\Include\vfs.h(10): error C4430: missing type specifier - int assumed. Note: C++ does not support default-int
     1>..\Include\vfs.h(11): error C2146: syntax error : missing ';' before identifier 'NumberOfFats'
     1>..\Include\vfs.h(11): error C4430: missing type specifier - int assumed. Note: C++ does not support default-int
     1>..\Include\vfs.h(12): error C2146: syntax error : missing ';' before identifier 'NumDirEntries'
     1>..\Include\vfs.h(12): error C4430: missing type specifier - int assumed. Note: C++ does not support default-int
     1>..\Include\vfs.h(13): error C2146: syntax error : missing ';' before identifier 'NumSectors'
     1>..\Include\vfs.h(13): error C4430: missing type specifier - int assumed. Note: C++ does not support default-int
     1>..\Include\vfs.h(14): error C2146: syntax error : missing ';' before identifier 'Media'
     1>..\Include\vfs.h(14): error C4430: missing type specifier - int assumed. Note: C++ does not support default-int
     1>..\Include\vfs.h(15): error C2146: syntax error : missing ';' before identifier 'SectorsPerFat'
     1>..\Include\vfs.h(15): error C4430: missing type specifier - int assumed. Note: C++ does not support default-int
     1>..\Include\vfs.h(16): error C2146: syntax error : missing ';' before identifier 'SectorsPerTrack'
     1>..\Include\vfs.h(16): error C4430: missing type specifier - int assumed. Note: C++ does not support default-int
     1>..\Include\vfs.h(17): error C2146: syntax error : missing ';' before identifier 'HeadsPerCyl'
     1>..\Include\vfs.h(17): error C4430: missing type specifier - int assumed. Note: C++ does not support default-int
     1>..\Include\vfs.h(18): error C2146: syntax error : missing ';' before identifier 'HiddenSectors'
     1>..\Include\vfs.h(18): error C4430: missing type specifier - int assumed. Note: C++ does not support default-int
     1>..\Include\vfs.h(19): error C2146: syntax error : missing ';' before identifier 'LongSectors'
     1>..\Include\vfs.h(19): error C4430: missing type specifier - int assumed. Note: C++ does not support default-int
     1>..\Include\vfs.h(24): error C2146: syntax error : missing ';' before identifier 'SectorsPerFat32'
     1>..\Include\vfs.h(24): error C4430: missing type specifier - int assumed. Note: C++ does not support default-int
     1>..\Include\vfs.h(25): error C2146: syntax error : missing ';' before identifier 'Flags'
     1>..\Include\vfs.h(25): error C4430: missing type specifier - int assumed. Note: C++ does not support default-int
     1>..\Include\vfs.h(26): error C2146: syntax error : missing ';' before identifier 'Version'
     1>..\Include\vfs.h(26): error C4430: missing type specifier - int assumed. Note: C++ does not support default-int
     1>..\Include\vfs.h(27): error C2146: syntax error : missing ';' before identifier 'RootCluster'
     1>..\Include\vfs.h(27): error C4430: missing type specifier - int assumed. Note: C++ does not support default-int
     1>..\Include\vfs.h(28): error C2146: syntax error : missing ';' before identifier 'InfoCluster'
     1>..\Include\vfs.h(28): error C4430: missing type specifier - int assumed. Note: C++ does not support default-int
     1>..\Include\vfs.h(29): error C2146: syntax error : missing ';' before identifier 'BackupBoot'
     1>..\Include\vfs.h(29): error C4430: missing type specifier - int assumed. Note: C++ does not support default-int
     1>..\Include\vfs.h(30): error C2146: syntax error : missing ';' before identifier 'Reserved'
     1>..\Include\vfs.h(30): error C4430: missing type specifier - int assumed. Note: C++ does not support default-int
     1>..\Include\vfs.h(36): error C2146: syntax error : missing ';' before identifier 'ignore'
     1>..\Include\vfs.h(36): error C4430: missing type specifier - int assumed. Note: C++ does not support default-int
     1>..\Include\vfs.h(39): error C2146: syntax error : missing ';' before identifier 'filler'
     1>..\Include\vfs.h(39): error C4430: missing type specifier - int assumed. Note: C++ does not support default-int
     1>Done Building Project "C:\Users\Ali\Desktop\MangOS\SystemCore\SysCore\Kernel\Kernel.vcxproj" (Build target(s)) -- FAILED.

Build FAILED.

Time Elapsed 00:00:02.96
